2022-06-09 23:40:25,251:WARNING:discord.client: PyNaCl is not installed, voice will NOT be supported
2022-06-09 23:40:25,252:DEBUG:discord.client: on_ready has successfully been registered as an event
2022-06-09 23:40:25,252:INFO:discord.client: logging in using static token
2022-06-09 23:40:25,528:DEBUG:discord.http: GET https://discord.com/api/v7/users/@me with None has returned 200
2022-06-09 23:40:25,528:DEBUG:discord.http: GET https://discord.com/api/v7/users/@me has received {'id': '984541763710632027', 'username': 'VacBanChecker', 'avatar': None, 'avatar_decoration': None, 'discriminator': '7030', 'public_flags': 0, 'flags': 0, 'bot': True, 'banner': None, 'banner_color': None, 'accent_color': None, 'bio': '', 'pronouns': '', 'locale': 'en-US', 'mfa_enabled': False, 'email': None, 'verified': True}
2022-06-09 23:40:25,586:DEBUG:discord.http: GET https://discord.com/api/v7/gateway with None has returned 200
2022-06-09 23:40:25,586:DEBUG:discord.http: GET https://discord.com/api/v7/gateway has received {'url': 'wss://gateway.discord.gg'}
2022-06-09 23:40:25,815:DEBUG:discord.gateway: Created websocket connected to wss://gateway.discord.gg?encoding=json&v=6&compress=zlib-stream
2022-06-09 23:40:25,816:DEBUG:discord.client: Dispatching event socket_raw_receive
2022-06-09 23:40:25,816:DEBUG:discord.gateway: For Shard ID None: WebSocket Event: {'t': None, 's': None, 'op': 10, 'd': {'heartbeat_interval': 41250, '_trace': ['["gateway-prd-main-6dtt",{"micros":0.0}]']}}
2022-06-09 23:40:25,816:DEBUG:discord.client: Dispatching event socket_response
2022-06-09 23:40:25,816:DEBUG:discord.client: Dispatching event socket_raw_send
2022-06-09 23:40:25,816:DEBUG:discord.client: Dispatching event socket_raw_send
2022-06-09 23:40:25,816:INFO:discord.gateway: Shard ID None has sent the IDENTIFY payload.
2022-06-09 23:40:25,968:DEBUG:discord.client: Dispatching event socket_raw_receive
2022-06-09 23:40:25,968:DEBUG:discord.gateway: For Shard ID None: WebSocket Event: {'t': None, 's': None, 'op': 11, 'd': None}
2022-06-09 23:40:25,968:DEBUG:discord.client: Dispatching event socket_response
2022-06-09 23:40:28,478:DEBUG:discord.client: Dispatching event socket_raw_receive
2022-06-09 23:40:28,478:DEBUG:discord.gateway: For Shard ID None: WebSocket Event: {'t': None, 's': None, 'op': 9, 'd': False}
2022-06-09 23:40:28,478:DEBUG:discord.client: Dispatching event socket_response
2022-06-09 23:40:28,478:INFO:discord.gateway: Shard ID None session has been invalidated.
2022-06-09 23:40:28,635:INFO:discord.client: Got a request to IDENTIFY the websocket.
2022-06-09 23:40:28,635:DEBUG:discord.client: Dispatching event disconnect
2022-06-09 23:40:28,684:DEBUG:discord.http: GET https://discord.com/api/v7/gateway with None has returned 200
2022-06-09 23:40:28,684:DEBUG:discord.http: GET https://discord.com/api/v7/gateway has received {'url': 'wss://gateway.discord.gg'}
2022-06-09 23:40:28,912:DEBUG:discord.gateway: Created websocket connected to wss://gateway.discord.gg?encoding=json&v=6&compress=zlib-stream
2022-06-09 23:40:28,912:DEBUG:discord.client: Dispatching event socket_raw_receive
2022-06-09 23:40:28,912:DEBUG:discord.gateway: For Shard ID None: WebSocket Event: {'t': None, 's': None, 'op': 10, 'd': {'heartbeat_interval': 41250, '_trace': ['["gateway-prd-main-mpxb",{"micros":0.0}]']}}
2022-06-09 23:40:28,912:DEBUG:discord.client: Dispatching event socket_response
2022-06-09 23:40:28,912:DEBUG:discord.client: Dispatching event socket_raw_send
2022-06-09 23:40:33,927:DEBUG:discord.client: Dispatching event socket_raw_send
2022-06-09 23:40:33,927:INFO:discord.gateway: Shard ID None has sent the IDENTIFY payload.
2022-06-09 23:40:33,927:DEBUG:discord.client: Dispatching event socket_raw_receive
2022-06-09 23:40:33,927:DEBUG:discord.gateway: For Shard ID None: WebSocket Event: {'t': None, 's': None, 'op': 11, 'd': None}
2022-06-09 23:40:33,927:DEBUG:discord.client: Dispatching event socket_response
2022-06-09 23:40:34,143:DEBUG:discord.client: Dispatching event socket_raw_receive
2022-06-09 23:40:34,143:DEBUG:discord.gateway: For Shard ID None: WebSocket Event: {'t': 'READY', 's': 1, 'op': 0, 'd': {'v': 6, 'user_settings': {}, 'user': {'verified': True, 'username': 'VacBanChecker', 'mfa_enabled': False, 'id': '984541763710632027', 'flags': 0, 'email': None, 'discriminator': '7030', 'bot': True, 'avatar': None}, 'session_type': 'normal', 'session_id': '50f212752e2dfec0222ddccfbb4e3e31', 'relationships': [], 'private_channels': [], 'presences': [], 'guilds': [{'unavailable': True, 'id': '153124473757761536'}], 'guild_join_requests': [], 'geo_ordered_rtc_regions': ['bucharest', 'milan', 'russia', 'st-pete', 'finland'], 'application': {'id': '984541763710632027', 'flags': 262144}, '_trace': ['["gateway-prd-main-mpxb",{"micros":61714,"calls":["discord-sessions-green-prd-2-99",{"micros":58752,"calls":["start_session",{"micros":50506,"calls":["discord-api-6f84c6f8d8-n8dqf",{"micros":44436,"calls":["get_user",{"micros":7487},"add_authorized_ip",{"micros":4008},"get_guilds",{"micros":2954},"coros_wait",{"micros":1}]}]},"guilds_connect",{"micros":2,"calls":[]},"presence_connect",{"micros":2428,"calls":[]}]}]}]']}}
2022-06-09 23:40:34,143:DEBUG:discord.client: Dispatching event socket_response
2022-06-09 23:40:34,143:INFO:discord.gateway: Shard ID None has connected to Gateway: ["gateway-prd-main-mpxb",{"micros":61714,"calls":["discord-sessions-green-prd-2-99",{"micros":58752,"calls":["start_session",{"micros":50506,"calls":["discord-api-6f84c6f8d8-n8dqf",{"micros":44436,"calls":["get_user",{"micros":7487},"add_authorized_ip",{"micros":4008},"get_guilds",{"micros":2954},"coros_wait",{"micros":1}]}]},"guilds_connect",{"micros":2,"calls":[]},"presence_connect",{"micros":2428,"calls":[]}]}]}] (Session ID: 50f212752e2dfec0222ddccfbb4e3e31).
2022-06-09 23:40:34,156:DEBUG:discord.client: Dispatching event connect
2022-06-09 23:40:34,157:DEBUG:discord.client: Dispatching event socket_raw_receive
2022-06-09 23:40:34,157:DEBUG:discord.gateway: For Shard ID None: WebSocket Event: {'t': 'GUILD_CREATE', 's': 2, 'op': 0, 'd': {'member_count': 90, 'nsfw': False, 'name': 'Emirhan', 'preferred_locale': 'en-US', 'mfa_level': 0, 'channels': [{'type': 0, 'topic': 'Bilgehan reyiz ve saz arkadaşları', 'rate_limit_per_user': 0, 'position': 3, 'permission_overwrites': [{'type': 'role', 'id': '852660463758213161', 'deny_new': '0', 'deny': 0, 'allow_new': '1024', 'allow': 1024}, {'type': 'role', 'id': '153124473757761536', 'deny_new': '1024', 'deny': 1024, 'allow_new': '0', 'allow': 0}, {'type': 'role', 'id': '881238136955502612', 'deny_new': '0', 'deny': 0, 'allow_new': '1024', 'allow': 1024}, {'type': 'role', 'id': '881238467340820481', 'deny_new': '0', 'deny': 0, 'allow_new': '1024', 'allow': 1024}], 'parent_id': '801183724267503644', 'nsfw': True, 'name': 'bilgehan', 'last_pin_timestamp': '2020-12-30T22:30:47.407000+00:00', 'last_message_id': '972252289807048814', 'id': '153124473757761536', 'flags': 0}, {'user_limit': 0, 'type': 2, 'rtc_region': None, 'rate_limit_per_user': 0, 'position': 3, 'permission_overwrites': [], 'parent_id': '801142677499674635', 'nsfw': False, 'name': 'Sohbet-II', 'last_message_id': None, 'id': '153124473757761537', 'flags': 0, 'bitrate': 96000}, {'user_limit': 0, 'type': 2, 'rtc_region': None, 'rate_limit_per_user': 0, 'position': 5, 'permission_overwrites': [], 'parent_id': '801142677499674635', 'nsfw': False, 'name': 'Sessizlik', 'last_message_id': None, 'id': '406103854569226240', 'flags': 0, 'bitrate': 64000}, {'user_limit': 0, 'type': 2, 'rtc_region': None, 'rate_limit_per_user': 0, 'position': 0, 'permission_overwrites': [{'type': 'member', 'id': '239312142510194689', 'deny_new': '0', 'deny': 0, 'allow_new': '1049600', 'allow': 1049600}, {'type': 'role', 'id': '881238136955502612', 'deny_new': '0', 'deny': 0, 'allow_new': '1049600', 'allow': 1049600}, {'type': 'member', 'id': '246637389798309888', 'deny_new': '0', 'deny': 0, 'allow_new': '1049600', 'allow': 1049600}, {'type': 'member', 'id': '697847582000414800', 'deny_new': '0', 'deny': 0, 'allow_new': '1049600', 'allow': 1049600}, {'type': 'member', 'id': '784096606948950076', 'deny_new': '0', 'deny': 0, 'allow_new': '1049600', 'allow': 1049600}, {'type': 'member', 'id': '290843778426601486', 'deny_new': '0', 'deny': 0, 'allow_new': '1049600', 'allow': 1049600}, {'type': 'member', 'id': '153124908069552128', 'deny_new': '0', 'deny': 0, 'allow_new': '1049600', 'allow': 1049600}, {'type': 'member', 'id': '596259082776739845', 'deny_new': '0', 'deny': 0, 'allow_new': '1049600', 'allow': 1049600}, {'type': 'role', 'id': '852660463758213161', 'deny_new': '0', 'deny': 0, 'allow_new': '1049600', 'allow': 1049600}, {'type': 'member', 'id': '290832351121113090', 'deny_new': '0', 'deny': 0, 'allow_new': '1049600', 'allow': 1049600}, {'type': 'role', 'id': '881238467340820481', 'deny_new': '0', 'deny': 0, 'allow_new': '1049600', 'allow': 1049600}, {'type': 'role', 'id': '153124473757761536', 'deny_new': '1048576', 'deny': 1048576, 'allow_new': '0', 'allow': 0}, {'type': 'member', 'id': '280075607067328522', 'deny_new': '0', 'deny': 0, 'allow_new': '1049600', 'allow': 1049600}, {'type': 'member', 'id': '238939744766001152', 'deny_new': '0', 'deny': 0, 'allow_new': '1049600', 'allow': 1049600}], 'parent_id': '801142677499674635', 'nsfw': False, 'name': 'Kınıklar Özel', 'last_message_id': None, 'id': '445278839870849045', 'flags': 0, 'bitrate': 96000}, {'type': 0, 'topic': 'herhangi bir şey', 'rate_limit_per_user': 0, 'position': 0, 'permission_overwrites': [{'type': 'role', 'id': '730818602613342210', 'deny_new': '805829713', 'deny': 805829713, 'allow_new': '0', 'allow': 0}, {'type': 'member', 'id': '184405311681986560', 'deny_new': '805829713', 'deny': 805829713, 'allow_new': '0', 'allow': 0}, {'type': 'role', 'id': '153124473757761536', 'deny_new': '0', 'deny': 0, 'allow_new': '3072', 'allow': 3072}], 'name': 'genel', 'last_pin_timestamp': '2022-06-05T18:55:16+00:00', 'last_message_id': '984548192110649364', 'id': '615250403726065888', 'flags': 0}, {'user_limit': 0, 'type': 2, 'rtc_region': None, 'rate_limit_per_user': 0, 'position': 2, 'permission_overwrites': [], 'parent_id': '801142677499674635', 'nsfw': False, 'name': 'Sohbet', 'last_message_id': None, 'id': '749711214522794156', 'flags': 0, 'bitrate': 96000}, {'type': 0, 'topic': 'yuvarlak masa', 'rate_limit_per_user': 0, 'position': 2, 'permission_overwrites': [{'type': 'role', 'id': '153124473757761536', 'deny_new': '3072', 'deny': 3072, 'allow_new': '0', 'allow': 0}, {'type': 'member', 'id': '238939744766001152', 'deny_new': '0', 'deny': 0, 'allow_new': '1024', 'allow': 1024}], 'parent_id': '801183724267503644', 'name': 'emirhan', 'last_pin_timestamp': '2021-01-14T17:03:06.482000+00:00', 'last_message_id': '910900343976652970', 'id': '785916653560004619', 'flags': 0}, {'type': 0, 'topic': 'müzikleri buradan yazın', 'rate_limit_per_user': 0, 'position': 1, 'permission_overwrites': [], 'name': 'müzik', 'last_pin_timestamp': '2021-05-15T13:44:26+00:00', 'last_message_id': '984552039608635402', 'id': '786350390102327307', 'flags': 0}, {'type': 0, 'topic': 'Programlama ile alakalı her şey!', 'rate_limit_per_user': 0, 'position': 4, 'permission_overwrites': [{'type': 'role', 'id': '153124473757761536', 'deny_new': '0', 'deny': 0, 'allow_new': '0', 'allow': 0}], 'parent_id': '801183724267503644', 'name': 'programlama', 'last_pin_timestamp': '2020-12-20T17:27:27.767000+00:00', 'last_message_id': '929452329718140940', 'id': '788083331362455594', 'flags': 0}, {'user_limit': 0, 'type': 2, 'rtc_region': None, 'rate_limit_per_user': 0, 'position': 4, 'permission_overwrites': [], 'parent_id': '801142677499674635', 'nsfw': False, 'name': 'Sohbet-III', 'last_message_id': None, 'id': '798986498418278430', 'flags': 0, 'bitrate': 64000}, {'type': 4, 'position': 1, 'permission_overwrites': [], 'name': 'Sohbet Kanalları', 'id': '801142677499674635', 'flags': 0}, {'type': 4, 'position': 0, 'permission_overwrites': [], 'name': 'İleti Kanalları', 'id': '801183724267503644', 'flags': 0}, {'type': 0, 'topic': 'Sommelier için kanal', 'rate_limit_per_user': 0, 'position': 5, 'permission_overwrites': [], 'parent_id': '801183724267503644', 'name': 'bot', 'last_message_id': '915347753616425062', 'id': '821358168885428265', 'flags': 0}, {'user_limit': 0, 'type': 2, 'rtc_region': None, 'rate_limit_per_user': 0, 'position': 1, 'permission_overwrites': [{'type': 'member', 'id': '596259082776739845', 'deny_new': '0', 'deny': 0, 'allow_new': '1049600', 'allow': 1049600}, {'type': 'member', 'id': '153124908069552128', 'deny_new': '0', 'deny': 0, 'allow_new': '1049600', 'allow': 1049600}, {'type': 'member', 'id': '280075607067328522', 'deny_new': '0', 'deny': 0, 'allow_new': '1049600', 'allow': 1049600}, {'type': 'member', 'id': '238939744766001152', 'deny_new': '0', 'deny': 0, 'allow_new': '1049600', 'allow': 1049600}, {'type': 'role', 'id': '153124473757761536', 'deny_new': '1049600', 'deny': 1049600, 'allow_new': '0', 'allow': 0}, {'type': 'role', 'id': '881238467340820481', 'deny_new': '0', 'deny': 0, 'allow_new': '1049600', 'allow': 1049600}, {'type': 'role', 'id': '852660463758213161', 'deny_new': '0', 'deny': 0, 'allow_new': '1049600', 'allow': 1049600}, {'type': 'role', 'id': '881238136955502612', 'deny_new': '0', 'deny': 0, 'allow_new': '1049600', 'allow': 1049600}], 'parent_id': '801142677499674635', 'nsfw': False, 'name': 'Kınıklar Özel-2', 'last_message_id': '981978444420239371', 'id': '881237195594280970', 'flags': 0, 'bitrate': 64000}, {'type': 0, 'topic': None, 'rate_limit_per_user': 0, 'position': 6, 'permission_overwrites': [], 'parent_id': '801183724267503644', 'name': 'saminin-köşesi', 'last_message_id': '930178915920646224', 'id': '927669472318353418', 'flags': 0}, {'type': 0, 'topic': 'İleride bot yazınca bu orospu cocuıklarını her gün kontrol edip ban yiyip yemediğine bakıcam', 'rate_limit_per_user': 0, 'position': 7, 'permission_overwrites': [], 'parent_id': None, 'nsfw': False, 'name': 'vac-kontrol', 'last_message_id': '984547015549677569', 'id': '984193757366853712', 'flags': 0}, {'type': 0, 'topic': None, 'rate_limit_per_user': 0, 'position': 8, 'permission_overwrites': [{'type': 'role', 'id': '153124473757761536', 'deny_new': '1024', 'deny': 1024, 'allow_new': '0', 'allow': 0}], 'parent_id': None, 'nsfw': False, 'name': 'bot-test', 'last_message_id': '984557631328886784', 'id': '984546097240346667', 'flags': 0}], 'stickers': [], 'owner_id': '127757229179797504', 'lazy': True, 'voice_states': [{'user_id': '238939744766001152', 'suppress': False, 'session_id': '81b392e98094af3d856fde8d045752fc', 'self_video': False, 'self_mute': True, 'self_deaf': True, 'request_to_speak_timestamp': None, 'mute': False, 'deaf': False, 'channel_id': '153124473757761537'}], 'max_members': 500000, 'explicit_content_filter': 0, 'presences': [], 'system_channel_id': None, 'emojis': [{'roles': [], 'require_colons': True, 'name': 'wasted', 'managed': False, 'id': '406470275975086080', 'available': True, 'animated': False}, {'roles': [], 'require_colons': True, 'name': 'bb', 'managed': False, 'id': '406472164083236874', 'available': True, 'animated': False}, {'roles': [], 'require_colons': True, 'name': 'rick', 'managed': False, 'id': '406474737007460352', 'available': True, 'animated': False}, {'roles': [], 'require_colons': True, 'name': 'morty', 'managed': False, 'id': '406475043065954314', 'available': True, 'animated': False}, {'roles': [], 'require_colons': True, 'name': 'ot', 'managed': False, 'id': '406475381332246529', 'available': True, 'animated': False}, {'roles': [], 'require_colons': True, 'name': 'pickle', 'managed': False, 'id': '406475988655013900', 'available': True, 'animated': False}, {'roles': [], 'require_colons': True, 'name': 'gozluk', 'managed': False, 'id': '675087762004639773', 'available': True, 'animated': False}, {'roles': [], 'require_colons': True, 'name': 'sinekkaydi', 'managed': False, 'id': '675089391772762113', 'available': True, 'animated': False}, {'roles': [], 'require_colons': True, 'name': 'EGM', 'managed': False, 'id': '675092505989218317', 'available': True, 'animated': False}, {'roles': [], 'require_colons': True, 'name': 'anan', 'managed': False, 'id': '675092800521502760', 'available': True, 'animated': False}, {'roles': [], 'require_colons': True, 'name': 'raki', 'managed': False, 'id': '675093040787882004', 'available': True, 'animated': False}, {'roles': [], 'require_colons': True, 'name': 'bk', 'managed': False, 'id': '675095687389511699', 'available': True, 'animated': False}, {'roles': [], 'require_colons': True, 'name': 'raki2', 'managed': False, 'id': '675101044467826720', 'available': True, 'animated': False}], 'system_channel_flags': 0, 'unavailable': False, 'features': [], 'rules_channel_id': None, 'large': False, 'vanity_url_code': None, 'banner': None, 'max_video_channel_users': 25, 'splash': None, 'afk_timeout': 60, 'hub_type': None, 'premium_subscription_count': 0, 'region': 'deprecated', 'roles': [{'unicode_emoji': None, 'tags': {}, 'position': 0, 'permissions_new': '1071631556161', 'permissions': 37215809, 'name': '@everyone', 'mentionable': False, 'managed': False, 'id': '153124473757761536', 'icon': None, 'hoist': False, 'flags': 0, 'color': 0}, {'unicode_emoji': None, 'tags': {'bot_id': '159985870458322944'}, 'position': 6, 'permissions_new': '8358718559', 'permissions': 1916267615, 'name': 'MEE6', 'mentionable': False, 'managed': True, 'id': '730818602613342210', 'icon': None, 'hoist': False, 'flags': 0, 'color': 0}, {'unicode_emoji': None, 'tags': {'bot_id': '758446031171223562'}, 'position': 5, 'permissions_new': '6442450952', 'permissions': 8, 'name': 'Sommelier', 'mentionable': False, 'managed': True, 'id': '774755919384018965', 'icon': None, 'hoist': False, 'flags': 0, 'color': 0}, {'unicode_emoji': None, 'tags': {'bot_id': '239631525350604801'}, 'position': 4, 'permissions_new': '288418846', 'permissions': 288418846, 'name': 'Pancake', 'mentionable': False, 'managed': True, 'id': '842862575359098891', 'icon': None, 'hoist': False, 'flags': 0, 'color': 0}, {'unicode_emoji': None, 'tags': {'premium_subscriber': None}, 'position': 8, 'permissions_new': '109558881857', 'permissions': 37215809, 'name': 'Server Booster', 'mentionable': False, 'managed': True, 'id': '852660463758213161', 'icon': None, 'hoist': False, 'flags': 0, 'color': 16023551}, {'unicode_emoji': None, 'tags': {}, 'position': 7, 'permissions_new': '521896713795', 'permissions': 58187331, 'name': 'Masa', 'mentionable': False, 'managed': False, 'id': '881238136955502612', 'icon': None, 'hoist': False, 'flags': 0, 'color': 382461}, {'unicode_emoji': None, 'tags': {}, 'position': 9, 'permissions_new': '540964028127', 'permissions': 1945632479, 'name': 'Yönetim', 'mentionable': False, 'managed': False, 'id': '881238467340820481', 'icon': None, 'hoist': False, 'flags': 0, 'color': 15277667}, {'unicode_emoji': None, 'tags': {'bot_id': '547905866255433758'}, 'position': 3, 'permissions_new': '37088600', 'permissions': 37088600, 'name': 'Hydra', 'mentionable': False, 'managed': True, 'id': '881609831562244148', 'icon': None, 'hoist': False, 'flags': 0, 'color': 0}, {'unicode_emoji': None, 'tags': {'bot_id': '282859044593598464'}, 'position': 1, 'permissions_new': '2080374975', 'permissions': 2080374975, 'name': 'ProBot ✨', 'mentionable': False, 'managed': True, 'id': '883094795919183954', 'icon': None, 'hoist': False, 'flags': 0, 'color': 0}, {'unicode_emoji': None, 'tags': {'bot_id': '984541763710632027'}, 'position': 1, 'permissions_new': '8', 'permissions': 8, 'name': 'VacBanChecker', 'mentionable': False, 'managed': True, 'id': '984542686751113238', 'icon': None, 'hoist': False, 'flags': 0, 'color': 0}], 'description': None, 'icon': '27c3ea790a168ed41b47bcbc4cfcac2c', 'threads': [], 'embedded_activities': [], 'guild_scheduled_events': [], 'joined_at': '2022-06-09T19:41:08.479788+00:00', 'stage_instances': [], 'application_command_counts': {'1': 51}, 'public_updates_channel_id': None, 'members': [{'user': {'username': 'Bilgehan', 'id': '238939744766001152', 'discriminator': '6931', 'avatar': '97304044d15ec76694c2254f30504e7c'}, 'roles': ['881238467340820481'], 'mute': False, 'joined_at': '2020-10-26T14:59:42.532000+00:00', 'hoisted_role': None, 'flags': 0, 'deaf': False}, {'user': {'username': 'Bilgehan', 'id': '238939744766001152', 'discriminator': '6931', 'avatar': '97304044d15ec76694c2254f30504e7c'}, 'roles': ['881238467340820481'], 'mute': False, 'joined_at': '2020-10-26T14:59:42.532000+00:00', 'hoisted_role': None, 'flags': 0, 'deaf': False}, {'user': {'username': 'VacBanChecker', 'id': '984541763710632027', 'discriminator': '7030', 'bot': True, 'avatar': None}, 'roles': ['984542686751113238'], 'premium_since': None, 'pending': False, 'nick': None, 'mute': False, 'joined_at': '2022-06-09T19:41:08.479788+00:00', 'hoisted_role': None, 'flags': 0, 'deaf': False, 'communication_disabled_until': None, 'avatar': None}], 'id': '153124473757761536', 'default_message_notifications': 0, 'application_id': None, 'discovery_splash': None, 'verification_level': 0, 'afk_channel_id': '406103854569226240', 'premium_progress_bar_enabled': False, 'premium_tier': 0, 'nsfw_level': 0, 'guild_hashes': {'version': 1, 'roles': {'omitted': False, 'hash': 'bhbTWoPFJig'}, 'metadata': {'omitted': False, 'hash': '7yHo7MVMkUw'}, 'channels': {'omitted': False, 'hash': '+TuAtbqFid0'}}}}
2022-06-09 23:40:34,157:DEBUG:discord.client: Dispatching event socket_response
2022-06-09 23:40:34,158:DEBUG:discord.client: Dispatching event guild_available
2022-06-09 23:40:36,160:DEBUG:discord.client: Dispatching event ready
2022-06-09 23:40:50,871:DEBUG:discord.client: Dispatching event socket_raw_receive
2022-06-09 23:40:50,871:DEBUG:discord.gateway: For Shard ID None: WebSocket Event: {'t': 'MESSAGE_CREATE', 's': 3, 'op': 0, 'd': {'type': 0, 'tts': False, 'timestamp': '2022-06-09T20:40:48.950000+00:00', 'referenced_message': None, 'pinned': False, 'nonce': '984557709405716480', 'mentions': [], 'mention_roles': [], 'mention_everyone': False, 'member': {'roles': ['881238467340820481'], 'mute': False, 'joined_at': '2020-10-26T14:59:42.532000+00:00', 'hoisted_role': None, 'flags': 0, 'deaf': False}, 'id': '984557704498520115', 'flags': 0, 'embeds': [], 'edited_timestamp': None, 'content': '$treack aslşdkjadlşkjsadjk', 'components': [], 'channel_id': '984546097240346667', 'author': {'username': 'Bilgehan', 'public_flags': 0, 'id': '238939744766001152', 'discriminator': '6931', 'avatar_decoration': None, 'avatar': '97304044d15ec76694c2254f30504e7c'}, 'attachments': [], 'guild_id': '153124473757761536'}}
2022-06-09 23:40:50,871:DEBUG:discord.client: Dispatching event socket_response
2022-06-09 23:40:50,871:DEBUG:discord.client: Dispatching event message
2022-06-09 23:40:50,871:DEBUG:discord.client: Dispatching event command_error
2022-06-09 23:40:52,126:DEBUG:discord.client: Dispatching event socket_raw_receive
2022-06-09 23:40:52,126:DEBUG:discord.gateway: For Shard ID None: WebSocket Event: {'t': 'MESSAGE_CREATE', 's': 4, 'op': 0, 'd': {'type': 0, 'tts': False, 'timestamp': '2022-06-09T20:40:50.205000+00:00', 'referenced_message': None, 'pinned': False, 'nonce': '984557716607336448', 'mentions': [], 'mention_roles': [], 'mention_everyone': False, 'member': {'roles': ['881238467340820481'], 'mute': False, 'joined_at': '2020-10-26T14:59:42.532000+00:00', 'hoisted_role': None, 'flags': 0, 'deaf': False}, 'id': '984557709762375790', 'flags': 0, 'embeds': [], 'edited_timestamp': None, 'content': '$track asdlşkja', 'components': [], 'channel_id': '984546097240346667', 'author': {'username': 'Bilgehan', 'public_flags': 0, 'id': '238939744766001152', 'discriminator': '6931', 'avatar_decoration': None, 'avatar': '97304044d15ec76694c2254f30504e7c'}, 'attachments': [], 'guild_id': '153124473757761536'}}
2022-06-09 23:40:52,126:DEBUG:discord.client: Dispatching event socket_response
2022-06-09 23:40:52,127:DEBUG:discord.client: Dispatching event message
2022-06-09 23:40:52,127:DEBUG:discord.client: Dispatching event command
2022-06-09 23:40:52,466:DEBUG:discord.client: Dispatching event socket_raw_receive
2022-06-09 23:40:52,467:DEBUG:discord.gateway: For Shard ID None: WebSocket Event: {'t': 'MESSAGE_CREATE', 's': 5, 'op': 0, 'd': {'type': 0, 'tts': False, 'timestamp': '2022-06-09T20:40:50.549000+00:00', 'referenced_message': None, 'pinned': False, 'mentions': [], 'mention_roles': [], 'mention_everyone': False, 'member': {'roles': ['984542686751113238'], 'premium_since': None, 'pending': False, 'nick': None, 'mute': False, 'joined_at': '2022-06-09T19:41:08.479788+00:00', 'hoisted_role': None, 'flags': 0, 'deaf': False, 'communication_disabled_until': None, 'avatar': None}, 'id': '984557711205212200', 'flags': 0, 'embeds': [], 'edited_timestamp': None, 'content': 'Error: SteamID is not valid', 'components': [], 'channel_id': '984546097240346667', 'author': {'username': 'VacBanChecker', 'public_flags': 0, 'id': '984541763710632027', 'discriminator': '7030', 'bot': True, 'avatar_decoration': None, 'avatar': None}, 'attachments': [], 'guild_id': '153124473757761536'}}
2022-06-09 23:40:52,467:DEBUG:discord.client: Dispatching event socket_response
2022-06-09 23:40:52,467:DEBUG:discord.client: Dispatching event message
2022-06-09 23:40:52,522:DEBUG:discord.http: POST https://discord.com/api/v7/channels/984546097240346667/messages with {"content":"Error: SteamID is not valid"} has returned 200
2022-06-09 23:40:52,522:DEBUG:discord.http: POST https://discord.com/api/v7/channels/984546097240346667/messages has received {'id': '984557711205212200', 'type': 0, 'content': 'Error: SteamID is not valid', 'channel_id': '984546097240346667', 'author': {'id': '984541763710632027', 'username': 'VacBanChecker', 'avatar': None, 'avatar_decoration': None, 'discriminator': '7030', 'public_flags': 0, 'bot': True}, 'attachments': [], 'embeds': [], 'mentions': [], 'mention_roles': [], 'pinned': False, 'mention_everyone': False, 'tts': False, 'timestamp': '2022-06-09T20:40:50.549000+00:00', 'edited_timestamp': None, 'flags': 0, 'components': [], 'referenced_message': None}
2022-06-09 23:40:52,522:DEBUG:discord.client: Dispatching event command_completion
2022-06-09 23:41:10,172:DEBUG:discord.gateway: Keeping shard ID None websocket alive with sequence 5.
2022-06-09 23:41:10,322:DEBUG:discord.client: Dispatching event socket_raw_receive
2022-06-09 23:41:10,323:DEBUG:discord.gateway: For Shard ID None: WebSocket Event: {'t': None, 's': None, 'op': 11, 'd': None}
2022-06-09 23:41:10,323:DEBUG:discord.client: Dispatching event socket_response
2022-06-09 23:41:51,423:DEBUG:discord.gateway: Keeping shard ID None websocket alive with sequence 5.
2022-06-09 23:41:51,586:DEBUG:discord.client: Dispatching event socket_raw_receive
2022-06-09 23:41:51,586:DEBUG:discord.gateway: For Shard ID None: WebSocket Event: {'t': None, 's': None, 'op': 11, 'd': None}
2022-06-09 23:41:51,586:DEBUG:discord.client: Dispatching event socket_response
2022-06-09 23:42:32,674:DEBUG:discord.gateway: Keeping shard ID None websocket alive with sequence 5.
2022-06-09 23:42:32,827:DEBUG:discord.client: Dispatching event socket_raw_receive
2022-06-09 23:42:32,828:DEBUG:discord.gateway: For Shard ID None: WebSocket Event: {'t': None, 's': None, 'op': 11, 'd': None}
2022-06-09 23:42:32,828:DEBUG:discord.client: Dispatching event socket_response
2022-06-09 23:43:13,933:DEBUG:discord.gateway: Keeping shard ID None websocket alive with sequence 5.
2022-06-09 23:43:14,093:DEBUG:discord.client: Dispatching event socket_raw_receive
2022-06-09 23:43:14,093:DEBUG:discord.gateway: For Shard ID None: WebSocket Event: {'t': None, 's': None, 'op': 11, 'd': None}
2022-06-09 23:43:14,093:DEBUG:discord.client: Dispatching event socket_response
2022-06-09 23:43:55,184:DEBUG:discord.gateway: Keeping shard ID None websocket alive with sequence 5.
2022-06-09 23:43:55,336:DEBUG:discord.client: Dispatching event socket_raw_receive
2022-06-09 23:43:55,336:DEBUG:discord.gateway: For Shard ID None: WebSocket Event: {'t': None, 's': None, 'op': 11, 'd': None}
2022-06-09 23:43:55,336:DEBUG:discord.client: Dispatching event socket_response
2022-06-09 23:44:36,445:DEBUG:discord.gateway: Keeping shard ID None websocket alive with sequence 5.
2022-06-09 23:44:36,598:DEBUG:discord.client: Dispatching event socket_raw_receive
2022-06-09 23:44:36,598:DEBUG:discord.gateway: For Shard ID None: WebSocket Event: {'t': None, 's': None, 'op': 11, 'd': None}
2022-06-09 23:44:36,598:DEBUG:discord.client: Dispatching event socket_response
2022-06-09 23:45:17,698:DEBUG:discord.gateway: Keeping shard ID None websocket alive with sequence 5.
2022-06-09 23:45:17,851:DEBUG:discord.client: Dispatching event socket_raw_receive
2022-06-09 23:45:17,852:DEBUG:discord.gateway: For Shard ID None: WebSocket Event: {'t': None, 's': None, 'op': 11, 'd': None}
2022-06-09 23:45:17,852:DEBUG:discord.client: Dispatching event socket_response
2022-06-09 23:45:39,956:DEBUG:discord.client: Dispatching event socket_raw_receive
2022-06-09 23:45:39,956:DEBUG:discord.gateway: For Shard ID None: WebSocket Event: {'t': 'MESSAGE_CREATE', 's': 6, 'op': 0, 'd': {'type': 0, 'tts': False, 'timestamp': '2022-06-09T20:45:38.016000+00:00', 'referenced_message': None, 'pinned': False, 'nonce': '984558923572838400', 'mentions': [], 'mention_roles': [], 'mention_everyone': False, 'member': {'roles': ['881238467340820481'], 'mute': False, 'joined_at': '2020-10-26T14:59:42.532000+00:00', 'hoisted_role': None, 'flags': 0, 'deaf': False}, 'id': '984558916929216542', 'flags': 0, 'embeds': [], 'edited_timestamp': None, 'content': '$track https://steamcommunity.com/profiles/76561198352086380/', 'components': [], 'channel_id': '984546097240346667', 'author': {'username': 'Bilgehan', 'public_flags': 0, 'id': '238939744766001152', 'discriminator': '6931', 'avatar_decoration': None, 'avatar': '97304044d15ec76694c2254f30504e7c'}, 'attachments': [], 'guild_id': '153124473757761536'}}
2022-06-09 23:45:39,956:DEBUG:discord.client: Dispatching event socket_response
2022-06-09 23:45:39,956:DEBUG:discord.client: Dispatching event message
2022-06-09 23:45:39,956:DEBUG:discord.client: Dispatching event command
2022-06-09 23:45:39,957:DEBUG:discord.client: Dispatching event command_completion
2022-06-09 23:45:40,439:DEBUG:discord.client: Dispatching event socket_raw_receive
2022-06-09 23:45:40,440:DEBUG:discord.gateway: For Shard ID None: WebSocket Event: {'t': 'MESSAGE_UPDATE', 's': 7, 'op': 0, 'd': {'id': '984558916929216542', 'embeds': [{'url': 'https://steamcommunity.com/profiles/76561198352086380/', 'type': 'link', 'title': 'Steam Community :: LiL Jon rustchance.com', 'thumbnail': {'width': 184, 'url': 'https://avatars.cloudflare.steamstatic.com/543bb32f9249e6738288c0d3ac6987ee25983c41_full.jpg', 'proxy_url': 'https://images-ext-1.discordapp.net/external/IKM-WBusQ-UnKI-SEPR6nuXfkAZA4TFoAVuUOp8KM8s/https/avatars.cloudflare.steamstatic.com/543bb32f9249e6738288c0d3ac6987ee25983c41_full.jpg', 'height': 184}, 'description': 'No information given.', 'color': 1514017}], 'channel_id': '984546097240346667', 'guild_id': '153124473757761536'}}
2022-06-09 23:45:40,440:DEBUG:discord.client: Dispatching event socket_response
2022-06-09 23:45:40,440:DEBUG:discord.client: Dispatching event raw_message_edit
2022-06-09 23:45:40,440:DEBUG:discord.client: Dispatching event message_edit
2022-06-09 23:45:42,417:DEBUG:discord.client: Dispatching event socket_raw_receive
2022-06-09 23:45:42,417:DEBUG:discord.gateway: For Shard ID None: WebSocket Event: {'t': 'VOICE_STATE_UPDATE', 's': 8, 'op': 0, 'd': {'member': {'user': {'username': 'Bilgehan', 'id': '238939744766001152', 'discriminator': '6931', 'avatar': '97304044d15ec76694c2254f30504e7c'}, 'roles': ['881238467340820481'], 'mute': False, 'joined_at': '2020-10-26T14:59:42.532000+00:00', 'hoisted_role': None, 'flags': 0, 'deaf': False}, 'user_id': '238939744766001152', 'suppress': False, 'session_id': '81b392e98094af3d856fde8d045752fc', 'self_video': False, 'self_mute': True, 'self_deaf': True, 'request_to_speak_timestamp': None, 'mute': False, 'guild_id': '153124473757761536', 'deaf': False, 'channel_id': None}}
2022-06-09 23:45:42,417:DEBUG:discord.client: Dispatching event socket_response
2022-06-09 23:45:42,418:DEBUG:discord.client: Dispatching event voice_state_update
2022-06-09 23:45:58,958:DEBUG:discord.gateway: Keeping shard ID None websocket alive with sequence 8.
2022-06-09 23:45:59,109:DEBUG:discord.client: Dispatching event socket_raw_receive
2022-06-09 23:45:59,109:DEBUG:discord.gateway: For Shard ID None: WebSocket Event: {'t': None, 's': None, 'op': 11, 'd': None}
2022-06-09 23:45:59,109:DEBUG:discord.client: Dispatching event socket_response
2022-06-09 23:46:40,219:DEBUG:discord.gateway: Keeping shard ID None websocket alive with sequence 8.
2022-06-09 23:46:40,379:DEBUG:discord.client: Dispatching event socket_raw_receive
2022-06-09 23:46:40,379:DEBUG:discord.gateway: For Shard ID None: WebSocket Event: {'t': None, 's': None, 'op': 11, 'd': None}
2022-06-09 23:46:40,379:DEBUG:discord.client: Dispatching event socket_response
